<?xml version="1.0" encoding="UTF-8"?>
<testng-results skipped="0" failed="0" total="1" passed="1">
  <reporter-output>
  </reporter-output>
  <suite name="Default suite" duration-ms="67607" started-at="2016-09-26T11:00:04Z" finished-at="2016-09-26T11:01:11Z">
    <groups>
    </groups>
    <test name="Default test" duration-ms="67607" started-at="2016-09-26T11:00:04Z" finished-at="2016-09-26T11:01:11Z">
      <class name="RodanAndProductsWaits.AddProductsWaitsTest">
        <test-method status="PASS" signature="setUp()[pri:0, instance:RodanAndProductsWaits.AddProductsWaitsTest@498f3db0]" name="setUp" is-config="true" duration-ms="15976" started-at="2016-09-26T16:30:04Z" finished-at="2016-09-26T16:30:20Z">
          <reporter-output>
          </reporter-output>
        </test-method> <!-- setUp -->
        <test-method status="PASS" signature="testAddProducts()[pri:0, instance:RodanAndProductsWaits.AddProductsWaitsTest@498f3db0]" name="testAddProducts" duration-ms="51000" started-at="2016-09-26T16:30:20Z" finished-at="2016-09-26T16:31:11Z">
          <reporter-output>
          </reporter-output>
        </test-method> <!-- testAddProducts -->
        <test-method status="PASS" signature="quitBrowser()[pri:0, instance:RodanAndProductsWaits.AddProductsWaitsTest@498f3db0]" name="quitBrowser" is-config="true" duration-ms="615" started-at="2016-09-26T16:31:11Z" finished-at="2016-09-26T16:31:11Z">
          <reporter-output>
          </reporter-output>
        </test-method> <!-- quitBrowser -->
      </class> <!-- RodanAndProductsWaits.AddProductsWaitsTest -->
    </test> <!-- Default test -->
  </suite> <!-- Default suite -->
</testng-results>
